<?xml version="1.0" encoding="UTF-8"?>
<testng-results skipped="0" failed="0" ignored="0" total="1" passed="1">
  <reporter-output>
  </reporter-output>
  <suite name="Default suite" duration-ms="467522" started-at="2020-10-17T12:34:25 IST" finished-at="2020-10-17T12:42:13 IST">
    <groups>
    </groups>
    <test name="Default test" duration-ms="467522" started-at="2020-10-17T12:34:25 IST" finished-at="2020-10-17T12:42:13 IST">
      <class name="com.prokarma.qa.tests.GetNormalisationRecordsFromSpendAndConsumptionYOY">
        <test-method status="PASS" signature="setup()[pri:0, instance:com.prokarma.qa.tests.GetNormalisationRecordsFromSpendAndConsumptionYOY@2781e022]" name="setup" is-config="true" duration-ms="6161" started-at="2020-10-17T12:34:25 IST" finished-at="2020-10-17T12:34:31 IST">
          <reporter-output>
          </reporter-output>
        </test-method> <!-- setup -->
        <test-method status="PASS" signature="test_GetNormalisationRecordsFromSpendAndConsumptionYOY()[pri:0, instance:com.prokarma.qa.tests.GetNormalisationRecordsFromSpendAndConsumptionYOY@2781e022]" name="test_GetNormalisationRecordsFromSpendAndConsumptionYOY" duration-ms="460758" started-at="2020-10-17T12:34:31 IST" finished-at="2020-10-17T12:42:12 IST">
          <reporter-output>
          </reporter-output>
        </test-method> <!-- test_GetNormalisationRecordsFromSpendAndConsumptionYOY -->
        <test-method status="PASS" signature="tearDown()[pri:0, instance:com.prokarma.qa.tests.GetNormalisationRecordsFromSpendAndConsumptionYOY@2781e022]" name="tearDown" is-config="true" duration-ms="556" started-at="2020-10-17T12:42:12 IST" finished-at="2020-10-17T12:42:13 IST">
          <reporter-output>
          </reporter-output>
        </test-method> <!-- tearDown -->
      </class> <!-- com.prokarma.qa.tests.GetNormalisationRecordsFromSpendAndConsumptionYOY -->
    </test> <!-- Default test -->
  </suite> <!-- Default suite -->
</testng-results>
